2025-03-09 21:31:08,839{GMT}	INFO	[jepsen test runner] jepsen.core: Command line:
lein run test -w echo --bin target/debug/crakv --time-limit 10
2025-03-09 21:31:08,889{GMT}	INFO	[jepsen test runner] jepsen.core: Running test:
{:args []
 :remote
 #jepsen.control.retry.Remote{:remote #jepsen.control.scp.Remote{:cmd-remote #jepsen.control.sshj.SSHJRemote{:concurrency-limit 6,
                                                                                                             :conn-spec nil,
                                                                                                             :client nil,
                                                                                                             :semaphore nil},
                                                                 :conn-spec nil},
                              :conn nil}
 :log-net-send false
 :node-count nil
 :availability nil
 :max-txn-length 4
 :concurrency 5
 :db
 #object[maelstrom.db$db$reify__16612
         "0x4dbf902"
         "maelstrom.db$db$reify__16612@4dbf902"]
 :max-writes-per-key 16
 :leave-db-running? false
 :name "echo"
 :logging-json? false
 :start-time
 #object[org.joda.time.DateTime "0x1b7123e5" "2025-03-09T21:31:08.818-04:00"]
 :nemesis-interval 10
 :net
 #object[maelstrom.net$jepsen_net$reify__15721
         "0x75715a14"
         "maelstrom.net$jepsen_net$reify__15721@75715a14"]
 :client
 #object[maelstrom.workload.echo$client$reify__17402
         "0x14a4ba91"
         "maelstrom.workload.echo$client$reify__17402@14a4ba91"]
 :barrier
 #object[java.util.concurrent.CyclicBarrier
         "0x1a9b9095"
         "java.util.concurrent.CyclicBarrier@1a9b9095"]
 :log-stderr false
 :pure-generators true
 :ssh {:dummy? true}
 :rate 5
 :checker
 #object[jepsen.checker$compose$reify__11089
         "0x867e628"
         "jepsen.checker$compose$reify__11089@867e628"]
 :argv ("test" "-w" "echo" "--bin" "target/debug/crakv" "--time-limit" "10")
 :nemesis
 (jepsen.nemesis.ReflCompose
  {:fm {:start-partition 0,
        :stop-partition 0,
        :kill 1,
        :start 1,
        :pause 1,
        :resume 1},
   :nemeses [#unprintable "jepsen.nemesis.combined$partition_nemesis$reify__16905@7739bcca"
             #unprintable "jepsen.nemesis.combined$db_nemesis$reify__16886@4678e08e"]})
 :nodes ["n1" "n2" "n3" "n4" "n5"]
 :test-count 1
 :latency {:mean 0, :dist :constant}
 :bin "target/debug/crakv"
 :generator
 #object[jepsen.util.Forgettable
         "0x5afb0a4f"
         (jepsen.generator.TimeLimit
          {:limit 10000000000,
           :cutoff nil,
           :gen (jepsen.generator.Any
                 {:gens [(jepsen.generator.OnThreads
                          {:f #{:nemesis},
                           :context-filter #object[jepsen.generator.context$make_thread_filter$lazy_filter__12077
                                                   "0x298eca94"
                                                   "jepsen.generator.context$make_thread_filter$lazy_filter__12077@298eca94"],
                           :gen nil})
                         (jepsen.generator.OnThreads
                          {:f #jepsen.generator.context.AllBut{:element :nemesis},
                           :context-filter #object[jepsen.generator.context$make_thread_filter$lazy_filter__12077
                                                   "0x6a51a39d"
                                                   "jepsen.generator.context$make_thread_filter$lazy_filter__12077@6a51a39d"],
                           :gen (jepsen.generator.Stagger
                                 {:dt 400000000,
                                  :next-time nil,
                                  :gen (jepsen.generator.EachThread
                                        {:fresh-gen #object[maelstrom.workload.echo$workload$fn__17421
                                                            "0x2acf3108"
                                                            "maelstrom.workload.echo$workload$fn__17421@2acf3108"],
                                         :context-filters #object[clojure.core$promise$reify__8621
                                                                  "0x62765e11"
                                                                  {:status :pending,
                                                                   :val nil}],
                                         :gens {}})})})]})})]
 :log-net-recv false
 :os
 #object[maelstrom.net$jepsen_os$reify__15724
         "0x3d73f2a1"
         "maelstrom.net$jepsen_os$reify__15724@3d73f2a1"]
 :time-limit 10
 :workload :echo
 :consistency-models [:strict-serializable]
 :topology :grid}

2025-03-09 21:31:09,581{GMT}	INFO	[jepsen node n1] maelstrom.net: Starting Maelstrom network
2025-03-09 21:31:09,582{GMT}	INFO	[jepsen test runner] jepsen.db: Tearing down DB
2025-03-09 21:31:09,583{GMT}	INFO	[jepsen test runner] jepsen.db: Setting up DB
2025-03-09 21:31:09,583{GMT}	INFO	[jepsen node n2] maelstrom.db: Setting up n2
2025-03-09 21:31:09,583{GMT}	INFO	[jepsen node n3] maelstrom.db: Setting up n3
2025-03-09 21:31:09,583{GMT}	INFO	[jepsen node n4] maelstrom.db: Setting up n4
2025-03-09 21:31:09,583{GMT}	INFO	[jepsen node n5] maelstrom.db: Setting up n5
2025-03-09 21:31:09,583{GMT}	INFO	[jepsen node n3] maelstrom.process: launching target/debug/crakv []
2025-03-09 21:31:09,583{GMT}	INFO	[jepsen node n5] maelstrom.process: launching target/debug/crakv []
2025-03-09 21:31:09,583{GMT}	INFO	[jepsen node n2] maelstrom.process: launching target/debug/crakv []
2025-03-09 21:31:09,583{GMT}	INFO	[jepsen node n4] maelstrom.process: launching target/debug/crakv []
2025-03-09 21:31:09,584{GMT}	INFO	[jepsen node n1] maelstrom.service: Starting services: (lin-kv lin-tso lww-kv seq-kv)
2025-03-09 21:31:09,584{GMT}	INFO	[jepsen node n1] maelstrom.db: Setting up n1
2025-03-09 21:31:09,584{GMT}	INFO	[jepsen node n1] maelstrom.process: launching target/debug/crakv []
2025-03-09 21:31:09,609{GMT}	INFO	[jepsen test runner] jepsen.core: Relative time begins now
2025-03-09 21:31:09,618{GMT}	INFO	[jepsen worker 0] jepsen.util: 0	:invoke	:echo	"Please echo 108"
2025-03-09 21:31:09,621{GMT}	INFO	[jepsen worker 0] jepsen.util: 0	:ok	:echo	{:type "echo_ok", :in_reply_to 1, :msg_id 1, :echo "Please echo 108"}
2025-03-09 21:31:09,761{GMT}	INFO	[jepsen worker 2] jepsen.util: 2	:invoke	:echo	"Please echo 60"
2025-03-09 21:31:09,763{GMT}	INFO	[jepsen worker 2] jepsen.util: 2	:ok	:echo	{:type "echo_ok", :in_reply_to 1, :msg_id 1, :echo "Please echo 60"}
2025-03-09 21:31:10,015{GMT}	INFO	[jepsen worker 1] jepsen.util: 1	:invoke	:echo	"Please echo 11"
2025-03-09 21:31:10,019{GMT}	INFO	[jepsen worker 1] jepsen.util: 1	:ok	:echo	{:type "echo_ok", :in_reply_to 1, :msg_id 1, :echo "Please echo 11"}
2025-03-09 21:31:10,107{GMT}	INFO	[jepsen worker 3] jepsen.util: 3	:invoke	:echo	"Please echo 85"
2025-03-09 21:31:10,110{GMT}	INFO	[jepsen worker 3] jepsen.util: 3	:ok	:echo	{:type "echo_ok", :in_reply_to 1, :msg_id 1, :echo "Please echo 85"}
2025-03-09 21:31:10,123{GMT}	INFO	[jepsen worker 2] jepsen.util: 2	:invoke	:echo	"Please echo 107"
2025-03-09 21:31:10,125{GMT}	INFO	[jepsen worker 2] jepsen.util: 2	:ok	:echo	{:type "echo_ok", :in_reply_to 2, :msg_id 2, :echo "Please echo 107"}
2025-03-09 21:31:10,360{GMT}	INFO	[jepsen worker 4] jepsen.util: 4	:invoke	:echo	"Please echo 45"
2025-03-09 21:31:10,364{GMT}	INFO	[jepsen worker 4] jepsen.util: 4	:ok	:echo	{:type "echo_ok", :in_reply_to 1, :msg_id 1, :echo "Please echo 45"}
2025-03-09 21:31:10,631{GMT}	INFO	[jepsen worker 0] jepsen.util: 0	:invoke	:echo	"Please echo 104"
2025-03-09 21:31:10,635{GMT}	INFO	[jepsen worker 0] jepsen.util: 0	:ok	:echo	{:type "echo_ok", :in_reply_to 2, :msg_id 2, :echo "Please echo 104"}
2025-03-09 21:31:10,905{GMT}	INFO	[jepsen worker 0] jepsen.util: 0	:invoke	:echo	"Please echo 70"
2025-03-09 21:31:10,908{GMT}	INFO	[jepsen worker 0] jepsen.util: 0	:ok	:echo	{:type "echo_ok", :in_reply_to 3, :msg_id 3, :echo "Please echo 70"}
2025-03-09 21:31:11,150{GMT}	INFO	[jepsen worker 3] jepsen.util: 3	:invoke	:echo	"Please echo 29"
2025-03-09 21:31:11,153{GMT}	INFO	[jepsen worker 3] jepsen.util: 3	:ok	:echo	{:type "echo_ok", :in_reply_to 2, :msg_id 2, :echo "Please echo 29"}
2025-03-09 21:31:11,258{GMT}	INFO	[jepsen worker 1] jepsen.util: 1	:invoke	:echo	"Please echo 5"
2025-03-09 21:31:11,262{GMT}	INFO	[jepsen worker 1] jepsen.util: 1	:ok	:echo	{:type "echo_ok", :in_reply_to 2, :msg_id 2, :echo "Please echo 5"}
2025-03-09 21:31:11,567{GMT}	INFO	[jepsen worker 4] jepsen.util: 4	:invoke	:echo	"Please echo 41"
2025-03-09 21:31:11,570{GMT}	INFO	[jepsen worker 4] jepsen.util: 4	:ok	:echo	{:type "echo_ok", :in_reply_to 2, :msg_id 2, :echo "Please echo 41"}
2025-03-09 21:31:11,780{GMT}	INFO	[jepsen worker 0] jepsen.util: 0	:invoke	:echo	"Please echo 90"
2025-03-09 21:31:11,784{GMT}	INFO	[jepsen worker 0] jepsen.util: 0	:ok	:echo	{:type "echo_ok", :in_reply_to 4, :msg_id 4, :echo "Please echo 90"}
2025-03-09 21:31:11,940{GMT}	INFO	[jepsen worker 2] jepsen.util: 2	:invoke	:echo	"Please echo 15"
2025-03-09 21:31:11,943{GMT}	INFO	[jepsen worker 2] jepsen.util: 2	:ok	:echo	{:type "echo_ok", :in_reply_to 3, :msg_id 3, :echo "Please echo 15"}
2025-03-09 21:31:12,284{GMT}	INFO	[jepsen worker 0] jepsen.util: 0	:invoke	:echo	"Please echo 77"
2025-03-09 21:31:12,287{GMT}	INFO	[jepsen worker 0] jepsen.util: 0	:ok	:echo	{:type "echo_ok", :in_reply_to 5, :msg_id 5, :echo "Please echo 77"}
2025-03-09 21:31:12,551{GMT}	INFO	[jepsen worker 2] jepsen.util: 2	:invoke	:echo	"Please echo 73"
2025-03-09 21:31:12,555{GMT}	INFO	[jepsen worker 2] jepsen.util: 2	:ok	:echo	{:type "echo_ok", :in_reply_to 4, :msg_id 4, :echo "Please echo 73"}
2025-03-09 21:31:12,695{GMT}	INFO	[jepsen worker 3] jepsen.util: 3	:invoke	:echo	"Please echo 35"
2025-03-09 21:31:12,699{GMT}	INFO	[jepsen worker 3] jepsen.util: 3	:ok	:echo	{:type "echo_ok", :in_reply_to 3, :msg_id 3, :echo "Please echo 35"}
2025-03-09 21:31:12,825{GMT}	INFO	[jepsen worker 3] jepsen.util: 3	:invoke	:echo	"Please echo 98"
2025-03-09 21:31:12,827{GMT}	INFO	[jepsen worker 3] jepsen.util: 3	:ok	:echo	{:type "echo_ok", :in_reply_to 4, :msg_id 4, :echo "Please echo 98"}
2025-03-09 21:31:13,086{GMT}	INFO	[jepsen worker 3] jepsen.util: 3	:invoke	:echo	"Please echo 46"
2025-03-09 21:31:13,090{GMT}	INFO	[jepsen worker 3] jepsen.util: 3	:ok	:echo	{:type "echo_ok", :in_reply_to 5, :msg_id 5, :echo "Please echo 46"}
2025-03-09 21:31:13,391{GMT}	INFO	[jepsen worker 1] jepsen.util: 1	:invoke	:echo	"Please echo 49"
2025-03-09 21:31:13,394{GMT}	INFO	[jepsen worker 1] jepsen.util: 1	:ok	:echo	{:type "echo_ok", :in_reply_to 3, :msg_id 3, :echo "Please echo 49"}
2025-03-09 21:31:13,560{GMT}	INFO	[jepsen worker 2] jepsen.util: 2	:invoke	:echo	"Please echo 118"
2025-03-09 21:31:13,564{GMT}	INFO	[jepsen worker 2] jepsen.util: 2	:ok	:echo	{:type "echo_ok", :in_reply_to 5, :msg_id 5, :echo "Please echo 118"}
2025-03-09 21:31:13,610{GMT}	INFO	[jepsen worker 4] jepsen.util: 4	:invoke	:echo	"Please echo 123"
2025-03-09 21:31:13,614{GMT}	INFO	[jepsen worker 4] jepsen.util: 4	:ok	:echo	{:type "echo_ok", :in_reply_to 3, :msg_id 3, :echo "Please echo 123"}
2025-03-09 21:31:13,660{GMT}	INFO	[jepsen worker 2] jepsen.util: 2	:invoke	:echo	"Please echo 125"
2025-03-09 21:31:13,662{GMT}	INFO	[jepsen worker 2] jepsen.util: 2	:ok	:echo	{:type "echo_ok", :in_reply_to 6, :msg_id 6, :echo "Please echo 125"}
2025-03-09 21:31:13,884{GMT}	INFO	[jepsen worker 2] jepsen.util: 2	:invoke	:echo	"Please echo 91"
2025-03-09 21:31:13,887{GMT}	INFO	[jepsen worker 2] jepsen.util: 2	:ok	:echo	{:type "echo_ok", :in_reply_to 7, :msg_id 7, :echo "Please echo 91"}
2025-03-09 21:31:13,996{GMT}	INFO	[jepsen worker 2] jepsen.util: 2	:invoke	:echo	"Please echo 127"
2025-03-09 21:31:13,998{GMT}	INFO	[jepsen worker 2] jepsen.util: 2	:ok	:echo	{:type "echo_ok", :in_reply_to 8, :msg_id 8, :echo "Please echo 127"}
2025-03-09 21:31:14,287{GMT}	INFO	[jepsen worker 2] jepsen.util: 2	:invoke	:echo	"Please echo 92"
2025-03-09 21:31:14,290{GMT}	INFO	[jepsen worker 2] jepsen.util: 2	:ok	:echo	{:type "echo_ok", :in_reply_to 9, :msg_id 9, :echo "Please echo 92"}
2025-03-09 21:31:14,300{GMT}	INFO	[jepsen worker 0] jepsen.util: 0	:invoke	:echo	"Please echo 37"
2025-03-09 21:31:14,301{GMT}	INFO	[jepsen worker 0] jepsen.util: 0	:ok	:echo	{:type "echo_ok", :in_reply_to 6, :msg_id 6, :echo "Please echo 37"}
2025-03-09 21:31:14,506{GMT}	INFO	[jepsen worker 1] jepsen.util: 1	:invoke	:echo	"Please echo 94"
2025-03-09 21:31:14,509{GMT}	INFO	[jepsen worker 1] jepsen.util: 1	:ok	:echo	{:type "echo_ok", :in_reply_to 4, :msg_id 4, :echo "Please echo 94"}
2025-03-09 21:31:14,721{GMT}	INFO	[jepsen worker 0] jepsen.util: 0	:invoke	:echo	"Please echo 81"
2025-03-09 21:31:14,725{GMT}	INFO	[jepsen worker 0] jepsen.util: 0	:ok	:echo	{:type "echo_ok", :in_reply_to 7, :msg_id 7, :echo "Please echo 81"}
2025-03-09 21:31:15,050{GMT}	INFO	[jepsen worker 0] jepsen.util: 0	:invoke	:echo	"Please echo 127"
2025-03-09 21:31:15,054{GMT}	INFO	[jepsen worker 0] jepsen.util: 0	:ok	:echo	{:type "echo_ok", :in_reply_to 8, :msg_id 8, :echo "Please echo 127"}
2025-03-09 21:31:15,325{GMT}	INFO	[jepsen worker 3] jepsen.util: 3	:invoke	:echo	"Please echo 80"
2025-03-09 21:31:15,328{GMT}	INFO	[jepsen worker 3] jepsen.util: 3	:ok	:echo	{:type "echo_ok", :in_reply_to 6, :msg_id 6, :echo "Please echo 80"}
2025-03-09 21:31:15,653{GMT}	INFO	[jepsen worker 2] jepsen.util: 2	:invoke	:echo	"Please echo 92"
2025-03-09 21:31:15,656{GMT}	INFO	[jepsen worker 2] jepsen.util: 2	:ok	:echo	{:type "echo_ok", :in_reply_to 10, :msg_id 10, :echo "Please echo 92"}
2025-03-09 21:31:15,753{GMT}	INFO	[jepsen worker 4] jepsen.util: 4	:invoke	:echo	"Please echo 76"
2025-03-09 21:31:15,755{GMT}	INFO	[jepsen worker 4] jepsen.util: 4	:ok	:echo	{:type "echo_ok", :in_reply_to 4, :msg_id 4, :echo "Please echo 76"}
2025-03-09 21:31:16,017{GMT}	INFO	[jepsen worker 4] jepsen.util: 4	:invoke	:echo	"Please echo 68"
2025-03-09 21:31:16,020{GMT}	INFO	[jepsen worker 4] jepsen.util: 4	:ok	:echo	{:type "echo_ok", :in_reply_to 5, :msg_id 5, :echo "Please echo 68"}
2025-03-09 21:31:16,095{GMT}	INFO	[jepsen worker 0] jepsen.util: 0	:invoke	:echo	"Please echo 33"
2025-03-09 21:31:16,099{GMT}	INFO	[jepsen worker 0] jepsen.util: 0	:ok	:echo	{:type "echo_ok", :in_reply_to 9, :msg_id 9, :echo "Please echo 33"}
2025-03-09 21:31:16,337{GMT}	INFO	[jepsen worker 1] jepsen.util: 1	:invoke	:echo	"Please echo 24"
2025-03-09 21:31:16,340{GMT}	INFO	[jepsen worker 1] jepsen.util: 1	:ok	:echo	{:type "echo_ok", :in_reply_to 5, :msg_id 5, :echo "Please echo 24"}
2025-03-09 21:31:16,685{GMT}	INFO	[jepsen worker 1] jepsen.util: 1	:invoke	:echo	"Please echo 29"
2025-03-09 21:31:16,688{GMT}	INFO	[jepsen worker 1] jepsen.util: 1	:ok	:echo	{:type "echo_ok", :in_reply_to 6, :msg_id 6, :echo "Please echo 29"}
2025-03-09 21:31:16,816{GMT}	INFO	[jepsen worker 0] jepsen.util: 0	:invoke	:echo	"Please echo 101"
2025-03-09 21:31:16,819{GMT}	INFO	[jepsen worker 0] jepsen.util: 0	:ok	:echo	{:type "echo_ok", :in_reply_to 10, :msg_id 10, :echo "Please echo 101"}
2025-03-09 21:31:17,100{GMT}	INFO	[jepsen worker 4] jepsen.util: 4	:invoke	:echo	"Please echo 119"
2025-03-09 21:31:17,104{GMT}	INFO	[jepsen worker 4] jepsen.util: 4	:ok	:echo	{:type "echo_ok", :in_reply_to 6, :msg_id 6, :echo "Please echo 119"}
2025-03-09 21:31:17,234{GMT}	INFO	[jepsen worker 1] jepsen.util: 1	:invoke	:echo	"Please echo 124"
2025-03-09 21:31:17,237{GMT}	INFO	[jepsen worker 1] jepsen.util: 1	:ok	:echo	{:type "echo_ok", :in_reply_to 7, :msg_id 7, :echo "Please echo 124"}
2025-03-09 21:31:17,266{GMT}	INFO	[jepsen worker 2] jepsen.util: 2	:invoke	:echo	"Please echo 77"
2025-03-09 21:31:17,269{GMT}	INFO	[jepsen worker 2] jepsen.util: 2	:ok	:echo	{:type "echo_ok", :in_reply_to 11, :msg_id 11, :echo "Please echo 77"}
2025-03-09 21:31:17,654{GMT}	INFO	[jepsen worker 2] jepsen.util: 2	:invoke	:echo	"Please echo 102"
2025-03-09 21:31:17,658{GMT}	INFO	[jepsen worker 2] jepsen.util: 2	:ok	:echo	{:type "echo_ok", :in_reply_to 12, :msg_id 12, :echo "Please echo 102"}
2025-03-09 21:31:17,702{GMT}	INFO	[jepsen worker 1] jepsen.util: 1	:invoke	:echo	"Please echo 46"
2025-03-09 21:31:17,706{GMT}	INFO	[jepsen worker 1] jepsen.util: 1	:ok	:echo	{:type "echo_ok", :in_reply_to 8, :msg_id 8, :echo "Please echo 46"}
2025-03-09 21:31:18,013{GMT}	INFO	[jepsen worker 3] jepsen.util: 3	:invoke	:echo	"Please echo 55"
2025-03-09 21:31:18,017{GMT}	INFO	[jepsen worker 3] jepsen.util: 3	:ok	:echo	{:type "echo_ok", :in_reply_to 7, :msg_id 7, :echo "Please echo 55"}
2025-03-09 21:31:18,285{GMT}	INFO	[jepsen worker 3] jepsen.util: 3	:invoke	:echo	"Please echo 3"
2025-03-09 21:31:18,288{GMT}	INFO	[jepsen worker 3] jepsen.util: 3	:ok	:echo	{:type "echo_ok", :in_reply_to 8, :msg_id 8, :echo "Please echo 3"}
2025-03-09 21:31:18,549{GMT}	INFO	[jepsen worker 4] jepsen.util: 4	:invoke	:echo	"Please echo 56"
2025-03-09 21:31:18,552{GMT}	INFO	[jepsen worker 4] jepsen.util: 4	:ok	:echo	{:type "echo_ok", :in_reply_to 7, :msg_id 7, :echo "Please echo 56"}
2025-03-09 21:31:18,718{GMT}	INFO	[jepsen worker 1] jepsen.util: 1	:invoke	:echo	"Please echo 103"
2025-03-09 21:31:18,720{GMT}	INFO	[jepsen worker 1] jepsen.util: 1	:ok	:echo	{:type "echo_ok", :in_reply_to 9, :msg_id 9, :echo "Please echo 103"}
2025-03-09 21:31:18,960{GMT}	INFO	[jepsen worker 1] jepsen.util: 1	:invoke	:echo	"Please echo 92"
2025-03-09 21:31:18,964{GMT}	INFO	[jepsen worker 1] jepsen.util: 1	:ok	:echo	{:type "echo_ok", :in_reply_to 10, :msg_id 10, :echo "Please echo 92"}
2025-03-09 21:31:19,137{GMT}	INFO	[jepsen worker 4] jepsen.util: 4	:invoke	:echo	"Please echo 15"
2025-03-09 21:31:19,141{GMT}	INFO	[jepsen worker 4] jepsen.util: 4	:ok	:echo	{:type "echo_ok", :in_reply_to 8, :msg_id 8, :echo "Please echo 15"}
2025-03-09 21:31:19,530{GMT}	INFO	[jepsen worker 4] jepsen.util: 4	:invoke	:echo	"Please echo 122"
2025-03-09 21:31:19,534{GMT}	INFO	[jepsen worker 4] jepsen.util: 4	:ok	:echo	{:type "echo_ok", :in_reply_to 9, :msg_id 9, :echo "Please echo 122"}
2025-03-09 21:31:19,556{GMT}	INFO	[jepsen test runner] jepsen.core: Run complete, writing
2025-03-09 21:31:19,605{GMT}	INFO	[jepsen node n2] maelstrom.db: Tearing down n2
2025-03-09 21:31:19,605{GMT}	INFO	[jepsen node n1] maelstrom.db: Tearing down n1
2025-03-09 21:31:19,605{GMT}	INFO	[jepsen node n3] maelstrom.db: Tearing down n3
2025-03-09 21:31:19,605{GMT}	INFO	[jepsen node n4] maelstrom.db: Tearing down n4
2025-03-09 21:31:19,605{GMT}	INFO	[jepsen node n5] maelstrom.db: Tearing down n5
2025-03-09 21:31:20,625{GMT}	INFO	[jepsen node n1] maelstrom.net: Shutting down Maelstrom network
2025-03-09 21:31:20,629{GMT}	INFO	[jepsen test runner] jepsen.core: Analyzing...
2025-03-09 21:31:27,081{GMT}	INFO	[jepsen test runner] jepsen.core: Analysis complete
2025-03-09 21:31:27,089{GMT}	INFO	[jepsen results] jepsen.store: Wrote /Users/miles/proj/crakv/store/echo/20250309T213108.818-0400/results.edn
2025-03-09 21:31:27,113{GMT}	INFO	[jepsen test runner] jepsen.core: {:perf {:latency-graph {:valid? true},
        :rate-graph {:valid? true},
        :valid? true},
 :timeline {:valid? true},
 :exceptions {:valid? true},
 :stats {:valid? true,
         :count 49,
         :ok-count 49,
         :fail-count 0,
         :info-count 0,
         :by-f {:echo {:valid? true,
                       :count 49,
                       :ok-count 49,
                       :fail-count 0,
                       :info-count 0}}},
 :availability {:valid? true, :ok-fraction 1.0},
 :net {:all {:send-count 108,
             :recv-count 108,
             :msg-count 108,
             :msgs-per-op 2.2040815},
       :clients {:send-count 108, :recv-count 108, :msg-count 108},
       :servers {:send-count 0,
                 :recv-count 0,
                 :msg-count 0,
                 :msgs-per-op 0.0},
       :valid? true},
 :workload {:valid? true, :errors ()},
 :valid? true}


Everything looks good! ヽ(‘ー`)ノ
